# JRE version: Java(TM) SE Runtime Environment (8.0_31-b13) (build 1.8.0_31-b13)
# Java VM: Java HotSpot(TM) 64-Bit Server VM (25.31-b07 mixed mode bsd-amd64 compressed oops)
Heap:
 PSYoungGen      total 889856K, used 326302K [0x000000076ab00000, 0x00000007b4680000, 0x00000007c0000000)
  eden space 656384K, 35% used [0x000000076ab00000,0x0000000778bdba50,0x0000000792c00000)
  from space 233472K, 41% used [0x0000000792c00000,0x00000007989cbe78,0x00000007a1000000)
  to   space 223232K, 0% used [0x00000007a6c80000,0x00000007a6c80000,0x00000007b4680000)
 ParOldGen       total 628736K, used 470216K [0x00000006c0000000, 0x00000006e6600000, 0x000000076ab00000)
  object space 628736K, 74% used [0x00000006c0000000,0x00000006dcb32228,0x00000006e6600000)
 Metaspace       used 15516K, capacity 15650K, committed 15744K, reserved 1062912K
  class space    used 1853K, capacity 1889K, committed 1920K, reserved 1048576K
GC Heap History (10 events):
Event: 12.087 GC heap before
{Heap before GC invocations=11 (full 1):
 PSYoungGen      total 578048K, used 544266K [0x000000076ab00000, 0x00000007a9c00000, 0x00000007c0000000)
  eden space 495104K, 100% used [0x000000076ab00000,0x0000000788e80000,0x0000000788e80000)
  from space 82944K, 59% used [0x0000000788e80000,0x000000078be82b78,0x000000078df80000)
  to   space 120320K, 0% used [0x00000007a2680000,0x00000007a2680000,0x00000007a9c00000)
 ParOldGen       total 337408K, used 174762K [0x00000006c0000000, 0x00000006d4980000, 0x000000076ab00000)
  object space 337408K, 51% used [0x00000006c0000000,0x00000006caaaaa58,0x00000006d4980000)
 Metaspace       used 14720K, capacity 14916K, committed 15232K, reserved 1062912K
  class space    used 1746K, capacity 1800K, committed 1920K, reserved 1048576K
Event: 12.157 GC heap after
Heap after GC invocations=11 (full 1):
 PSYoungGen      total 684544K, used 115480K [0x000000076ab00000, 0x00000007a9780000, 0x00000007c0000000)
  eden space 568832K, 0% used [0x000000076ab00000,0x000000076ab00000,0x000000078d680000)
  from space 115712K, 99% used [0x00000007a2680000,0x00000007a97462b8,0x00000007a9780000)
  to   space 138752K, 0% used [0x0000000798880000,0x0000000798880000,0x00000007a1000000)
 ParOldGen       total 337408K, used 181798K [0x00000006c0000000, 0x00000006d4980000, 0x000000076ab00000)
  object space 337408K, 53% used [0x00000006c0000000,0x00000006cb189b38,0x00000006d4980000)
 Metaspace       used 14720K, capacity 14916K, committed 15232K, reserved 1062912K
  class space    used 1746K, capacity 1800K, committed 1920K, reserved 1048576K
}
Event: 15.322 GC heap before
{Heap before GC invocations=12 (full 1):
 PSYoungGen      total 684544K, used 684312K [0x000000076ab00000, 0x00000007a9780000, 0x00000007c0000000)
  eden space 568832K, 100% used [0x000000076ab00000,0x000000078d680000,0x000000078d680000)
  from space 115712K, 99% used [0x00000007a2680000,0x00000007a97462b8,0x00000007a9780000)
  to   space 138752K, 0% used [0x0000000798880000,0x0000000798880000,0x00000007a1000000)
 ParOldGen       total 337408K, used 181798K [0x00000006c0000000, 0x00000006d4980000, 0x000000076ab00000)
  object space 337408K, 53% used [0x00000006c0000000,0x00000006cb189b38,0x00000006d4980000)
 Metaspace       used 14720K, capacity 14916K, committed 15232K, reserved 1062912K
  class space    used 1746K, capacity 1800K, committed 1920K, reserved 1048576K
Event: 15.411 GC heap after
Heap after GC invocations=12 (full 1):
 PSYoungGen      total 794112K, used 138731K [0x000000076ab00000, 0x00000007a9000000, 0x00000007c0000000)
  eden space 655360K, 0% used [0x000000076ab00000,0x000000076ab00000,0x0000000792b00000)
  from space 138752K, 99% used [0x0000000798880000,0x00000007a0ffac00,0x00000007a1000000)
  to   space 131072K, 0% used [0x00000007a1000000,0x00000007a1000000,0x00000007a9000000)
 ParOldGen       total 337408K, used 238271K [0x00000006c0000000, 0x00000006d4980000, 0x000000076ab00000)
  object space 337408K, 70% used [0x00000006c0000000,0x00000006ce8afcd0,0x00000006d4980000)
 Metaspace       used 14720K, capacity 14916K, committed 15232K, reserved 1062912K
  class space    used 1746K, capacity 1800K, committed 1920K, reserved 1048576K
}
Event: 19.331 GC heap before
{Heap before GC invocations=13 (full 1):
 PSYoungGen      total 794112K, used 794091K [0x000000076ab00000, 0x00000007a9000000, 0x00000007c0000000)
  eden space 655360K, 100% used [0x000000076ab00000,0x0000000792b00000,0x0000000792b00000)
  from space 138752K, 99% used [0x0000000798880000,0x00000007a0ffac00,0x00000007a1000000)
  to   space 131072K, 0% used [0x00000007a1000000,0x00000007a1000000,0x00000007a9000000)
 ParOldGen       total 337408K, used 238271K [0x00000006c0000000, 0x00000006d4980000, 0x000000076ab00000)
  object space 337408K, 70% used [0x00000006c0000000,0x00000006ce8afcd0,0x00000006d4980000)
 Metaspace       used 14720K, capacity 14916K, committed 15232K, reserved 1062912K
  class space    used 1746K, capacity 1800K, committed 1920K, reserved 1048576K
Event: 19.426 GC heap after
Heap after GC invocations=13 (full 1):
 PSYoungGen      total 787456K, used 131052K [0x000000076ab00000, 0x00000007b5380000, 0x00000007c0000000)
  eden space 656384K, 0% used [0x000000076ab00000,0x000000076ab00000,0x0000000792c00000)
  from space 131072K, 99% used [0x00000007a1000000,0x00000007a8ffb2a8,0x00000007a9000000)
  to   space 233472K, 0% used [0x0000000792c00000,0x0000000792c00000,0x00000007a1000000)
 ParOldGen       total 343040K, used 341887K [0x00000006c0000000, 0x00000006d4f00000, 0x000000076ab00000)
  object space 343040K, 99% used [0x00000006c0000000,0x00000006d4ddfd80,0x00000006d4f00000)
 Metaspace       used 14720K, capacity 14916K, committed 15232K, reserved 1062912K
  class space    used 1746K, capacity 1800K, committed 1920K, reserved 1048576K
}
Event: 19.426 GC heap before
{Heap before GC invocations=14 (full 2):
 PSYoungGen      total 787456K, used 131052K [0x000000076ab00000, 0x00000007b5380000, 0x00000007c0000000)
  eden space 656384K, 0% used [0x000000076ab00000,0x000000076ab00000,0x0000000792c00000)
  from space 131072K, 99% used [0x00000007a1000000,0x00000007a8ffb2a8,0x00000007a9000000)
  to   space 233472K, 0% used [0x0000000792c00000,0x0000000792c00000,0x00000007a1000000)
 ParOldGen       total 343040K, used 341887K [0x00000006c0000000, 0x00000006d4f00000, 0x000000076ab00000)
  object space 343040K, 99% used [0x00000006c0000000,0x00000006d4ddfd80,0x00000006d4f00000)
 Metaspace       used 14720K, capacity 14916K, committed 15232K, reserved 1062912K
  class space    used 1746K, capacity 1800K, committed 1920K, reserved 1048576K
Event: 20.225 GC heap after
Heap after GC invocations=14 (full 2):
 PSYoungGen      total 787456K, used 126165K [0x000000076ab00000, 0x00000007b5380000, 0x00000007c0000000)
  eden space 656384K, 0% used [0x000000076ab00000,0x000000076ab00000,0x0000000792c00000)
  from space 131072K, 96% used [0x00000007a1000000,0x00000007a8b35498,0x00000007a9000000)
  to   space 233472K, 0% used [0x0000000792c00000,0x0000000792c00000,0x00000007a1000000)
 ParOldGen       total 628736K, used 342705K [0x00000006c0000000, 0x00000006e6600000, 0x000000076ab00000)
  object space 628736K, 54% used [0x00000006c0000000,0x00000006d4eac428,0x00000006e6600000)
 Metaspace       used 14720K, capacity 14916K, committed 15232K, reserved 1062912K
  class space    used 1746K, capacity 1800K, committed 1920K, reserved 1048576K
}
Event: 23.376 GC heap before
{Heap before GC invocations=15 (full 2):
 PSYoungGen      total 787456K, used 782549K [0x000000076ab00000, 0x00000007b5380000, 0x00000007c0000000)
  eden space 656384K, 100% used [0x000000076ab00000,0x0000000792c00000,0x0000000792c00000)
  from space 131072K, 96% used [0x00000007a1000000,0x00000007a8b35498,0x00000007a9000000)
  to   space 233472K, 0% used [0x0000000792c00000,0x0000000792c00000,0x00000007a1000000)
 ParOldGen       total 628736K, used 342705K [0x00000006c0000000, 0x00000006e6600000, 0x000000076ab00000)
  object space 628736K, 54% used [0x00000006c0000000,0x00000006d4eac428,0x00000006e6600000)
 Metaspace       used 14728K, capacity 14928K, committed 15232K, reserved 1062912K
  class space    used 1748K, capacity 1802K, committed 1920K, reserved 1048576K
Event: 23.504 GC heap after
Heap after GC invocations=15 (full 2):
 PSYoungGen      total 889856K, used 96047K [0x000000076ab00000, 0x00000007b4680000, 0x00000007c0000000)
  eden space 656384K, 0% used [0x000000076ab00000,0x000000076ab00000,0x0000000792c00000)
  from space 233472K, 41% used [0x0000000792c00000,0x00000007989cbe78,0x00000007a1000000)
  to   space 223232K, 0% used [0x00000007a6c80000,0x00000007a6c80000,0x00000007b4680000)
 ParOldGen       total 628736K, used 470216K [0x00000006c0000000, 0x00000006e6600000, 0x000000076ab00000)
  object space 628736K, 74% used [0x00000006c0000000,0x00000006dcb32228,0x00000006e6600000)
 Metaspace       used 14728K, capacity 14928K, committed 15232K, reserved 1062912K
  class space    used 1748K, capacity 1802K, committed 1920K, reserved 1048576K
}

